<?xml version="1.0" encoding="UTF-8"?>
<!-- Generated by org.testng.reporters.JUnitReportReporter -->
<testsuite hostname="LDorbala" failures="0" tests="10" name="com.qa.opencart.tests.HomePageTest" time="4.869" errors="0" timestamp="2024-08-18T21:15:42 IST" skipped="0">
  <testcase classname="com.qa.opencart.tests.HomePageTest" name="HomePageTitle" time="0.026"/>
  <testcase classname="com.qa.opencart.tests.HomePageTest" name="HomePageTitle" time="0.144"/>
  <testcase classname="com.qa.opencart.tests.HomePageTest" name="HomePageURL" time="0.001"/>
  <testcase classname="com.qa.opencart.tests.HomePageTest" name="HomePageURL" time="0.002"/>
  <testcase classname="com.qa.opencart.tests.HomePageTest" name="DoSearchProduct" time="0.400"/>
  <testcase classname="com.qa.opencart.tests.HomePageTest" name="DoSearchProduct" time="0.818"/>
  <testcase classname="com.qa.opencart.tests.HomePageTest" name="DoSearchProduct" time="1.150"/>
  <testcase classname="com.qa.opencart.tests.HomePageTest" name="DoSearchProduct" time="0.397"/>
  <testcase classname="com.qa.opencart.tests.HomePageTest" name="DoSearchProduct" time="1.239"/>
  <testcase classname="com.qa.opencart.tests.HomePageTest" name="DoSearchProduct" time="0.692"/>
</testsuite> <!-- com.qa.opencart.tests.HomePageTest -->
